running egg_info
creating ../../build/joy_translate/joy_translate.egg-info
writing ../../build/joy_translate/joy_translate.egg-info/PKG-INFO
writing dependency_links to ../../build/joy_translate/joy_translate.egg-info/dependency_links.txt
writing entry points to ../../build/joy_translate/joy_translate.egg-info/entry_points.txt
writing requirements to ../../build/joy_translate/joy_translate.egg-info/requires.txt
writing top-level names to ../../build/joy_translate/joy_translate.egg-info/top_level.txt
writing manifest file '../../build/joy_translate/joy_translate.egg-info/SOURCES.txt'
reading manifest file '../../build/joy_translate/joy_translate.egg-info/SOURCES.txt'
writing manifest file '../../build/joy_translate/joy_translate.egg-info/SOURCES.txt'
running build
running build_py
creating /home/keime/rosj_ws/build/joy_translate/build
creating /home/keime/rosj_ws/build/joy_translate/build/lib
creating /home/keime/rosj_ws/build/joy_translate/build/lib/joy_translate
copying joy_translate/__init__.py -> /home/keime/rosj_ws/build/joy_translate/build/lib/joy_translate
copying joy_translate/joy_translate_node.py -> /home/keime/rosj_ws/build/joy_translate/build/lib/joy_translate
running install
/usr/lib/python3/dist-packages/setuptools/command/install.py:34: SetuptoolsDeprecationWarning: setup.py install is deprecated. Use build and pip and other standards-based tools.
  warnings.warn(
running install_lib
creating /home/keime/rosj_ws/install/joy_translate/lib/python3.10/site-packages/joy_translate
copying /home/keime/rosj_ws/build/joy_translate/build/lib/joy_translate/__init__.py -> /home/keime/rosj_ws/install/joy_translate/lib/python3.10/site-packages/joy_translate
copying /home/keime/rosj_ws/build/joy_translate/build/lib/joy_translate/joy_translate_node.py -> /home/keime/rosj_ws/install/joy_translate/lib/python3.10/site-packages/joy_translate
byte-compiling /home/keime/rosj_ws/install/joy_translate/lib/python3.10/site-packages/joy_translate/__init__.py to __init__.cpython-310.pyc
byte-compiling /home/keime/rosj_ws/install/joy_translate/lib/python3.10/site-packages/joy_translate/joy_translate_node.py to joy_translate_node.cpython-310.pyc
running install_data
creating /home/keime/rosj_ws/install/joy_translate/share/ament_index
creating /home/keime/rosj_ws/install/joy_translate/share/ament_index/resource_index
creating /home/keime/rosj_ws/install/joy_translate/share/ament_index/resource_index/packages
copying resource/joy_translate -> /home/keime/rosj_ws/install/joy_translate/share/ament_index/resource_index/packages
copying package.xml -> /home/keime/rosj_ws/install/joy_translate/share/joy_translate
running install_egg_info
Copying ../../build/joy_translate/joy_translate.egg-info to /home/keime/rosj_ws/install/joy_translate/lib/python3.10/site-packages/joy_translate-0.0.0-py3.10.egg-info
running install_scripts
Installing joy_translate_node script to /home/keime/rosj_ws/install/joy_translate/lib/joy_translate
writing list of installed files to '/home/keime/rosj_ws/build/joy_translate/install.log'
